  Colocviu2018-seria 14.cpp
D:\Facultate\POO\OOP-exercises\Colocviu2018-seria 14\Colocviu2018-seria 14\Eveniment.h(17,26): warning C4018: '<': signed/unsigned mismatch
  Eveniment.cpp
D:\Facultate\POO\OOP-exercises\Colocviu2018-seria 14\Colocviu2018-seria 14\EvenimentTemporar.h(7,1): error C2504: 'Eveniment': base class undefined
D:\Facultate\POO\OOP-exercises\Colocviu2018-seria 14\Colocviu2018-seria 14\EvenimentSpecial.h(7,1): error C2504: 'Eveniment': base class undefined
D:\Facultate\POO\OOP-exercises\Colocviu2018-seria 14\Colocviu2018-seria 14\Lista.h(13,9): error C2065: 'Vizitator': undeclared identifier
D:\Facultate\POO\OOP-exercises\Colocviu2018-seria 14\Colocviu2018-seria 14\Lista.h(13,2): error C2923: 'std::vector': 'Vizitator' is not a valid template type argument for parameter '_Ty'
D:\Facultate\POO\OOP-exercises\Colocviu2018-seria 14\Colocviu2018-seria 14\Lista.h(14,9): error C2065: 'Eveniment': undeclared identifier
D:\Facultate\POO\OOP-exercises\Colocviu2018-seria 14\Colocviu2018-seria 14\Lista.h(14,19): error C2059: syntax error: '>'
D:\Facultate\POO\OOP-exercises\Colocviu2018-seria 14\Colocviu2018-seria 14\Eveniment.h(17,26): warning C4018: '<': signed/unsigned mismatch
  EvenimentTemporar.cpp
D:\Facultate\POO\OOP-exercises\Colocviu2018-seria 14\Colocviu2018-seria 14\EvenimentSpecial.h(7,1): error C2504: 'Eveniment': base class undefined
D:\Facultate\POO\OOP-exercises\Colocviu2018-seria 14\Colocviu2018-seria 14\Lista.h(13,9): error C2065: 'Vizitator': undeclared identifier
D:\Facultate\POO\OOP-exercises\Colocviu2018-seria 14\Colocviu2018-seria 14\Lista.h(13,2): error C2923: 'std::vector': 'Vizitator' is not a valid template type argument for parameter '_Ty'
D:\Facultate\POO\OOP-exercises\Colocviu2018-seria 14\Colocviu2018-seria 14\Lista.h(14,9): error C2065: 'Eveniment': undeclared identifier
D:\Facultate\POO\OOP-exercises\Colocviu2018-seria 14\Colocviu2018-seria 14\Lista.h(14,19): error C2059: syntax error: '>'
D:\Facultate\POO\OOP-exercises\Colocviu2018-seria 14\Colocviu2018-seria 14\Eveniment.h(17,26): warning C4018: '<': signed/unsigned mismatch
  EvenimentSpecial.cpp
D:\Facultate\POO\OOP-exercises\Colocviu2018-seria 14\Colocviu2018-seria 14\EvenimentTemporar.h(7,1): error C2504: 'Eveniment': base class undefined
D:\Facultate\POO\OOP-exercises\Colocviu2018-seria 14\Colocviu2018-seria 14\Lista.h(13,9): error C2065: 'Vizitator': undeclared identifier
D:\Facultate\POO\OOP-exercises\Colocviu2018-seria 14\Colocviu2018-seria 14\Lista.h(13,2): error C2923: 'std::vector': 'Vizitator' is not a valid template type argument for parameter '_Ty'
D:\Facultate\POO\OOP-exercises\Colocviu2018-seria 14\Colocviu2018-seria 14\Lista.h(14,9): error C2065: 'Eveniment': undeclared identifier
D:\Facultate\POO\OOP-exercises\Colocviu2018-seria 14\Colocviu2018-seria 14\Lista.h(14,19): error C2059: syntax error: '>'
D:\Facultate\POO\OOP-exercises\Colocviu2018-seria 14\Colocviu2018-seria 14\Eveniment.h(17,26): warning C4018: '<': signed/unsigned mismatch
  Lista.cpp
D:\Facultate\POO\OOP-exercises\Colocviu2018-seria 14\Colocviu2018-seria 14\Muzeu.h(14,9): error C3646: 'l': unknown override specifier
D:\Facultate\POO\OOP-exercises\Colocviu2018-seria 14\Colocviu2018-seria 14\Muzeu.h(14,9): error C4430: missing type specifier - int assumed. Note: C++ does not support default-int
D:\Facultate\POO\OOP-exercises\Colocviu2018-seria 14\Colocviu2018-seria 14\Muzeu.h(29,1): error C2039: 'l': is not a member of 'Muzeu'
D:\Facultate\POO\OOP-exercises\Colocviu2018-seria 14\Colocviu2018-seria 14\Muzeu.h(8): message : see declaration of 'Muzeu'
D:\Facultate\POO\OOP-exercises\Colocviu2018-seria 14\Colocviu2018-seria 14\Muzeu.h(36,1): error C2039: 'l': is not a member of 'Muzeu'
D:\Facultate\POO\OOP-exercises\Colocviu2018-seria 14\Colocviu2018-seria 14\Muzeu.h(8): message : see declaration of 'Muzeu'
D:\Facultate\POO\OOP-exercises\Colocviu2018-seria 14\Colocviu2018-seria 14\Eveniment.h(17,26): warning C4018: '<': signed/unsigned mismatch
  Muzeu.cpp
D:\Facultate\POO\OOP-exercises\Colocviu2018-seria 14\Colocviu2018-seria 14\Eveniment.h(17,26): warning C4018: '<': signed/unsigned mismatch
  Vizitator.cpp
D:\Facultate\POO\OOP-exercises\Colocviu2018-seria 14\Colocviu2018-seria 14\Eveniment.h(12,9): error C2065: 'Vizitator': undeclared identifier
D:\Facultate\POO\OOP-exercises\Colocviu2018-seria 14\Colocviu2018-seria 14\Eveniment.h(12,2): error C2923: 'std::vector': 'Vizitator' is not a valid template type argument for parameter '_Ty'
D:\Facultate\POO\OOP-exercises\Colocviu2018-seria 14\Colocviu2018-seria 14\Eveniment.h(15,45): error C2061: syntax error: identifier 'Vizitator'
D:\Facultate\POO\OOP-exercises\Colocviu2018-seria 14\Colocviu2018-seria 14\Eveniment.h(16,2): error C2512: 'std::vector': no appropriate default constructor available
C:\Program Files (x86)\Microsoft Visual Studio\2019\Community\VC\Tools\MSVC\14.25.28610\include\vector(412,14): message : see declaration of 'std::vector'
D:\Facultate\POO\OOP-exercises\Colocviu2018-seria 14\Colocviu2018-seria 14\Eveniment.h(17,28): error C2065: 'nr': undeclared identifier
D:\Facultate\POO\OOP-exercises\Colocviu2018-seria 14\Colocviu2018-seria 14\Eveniment.h(18,18): error C2065: 'V': undeclared identifier
D:\Facultate\POO\OOP-exercises\Colocviu2018-seria 14\Colocviu2018-seria 14\Eveniment.h(18,7): error C2663: 'std::vector<_Ty,_Alloc>::push_back': 2 overloads have no legal conversion for 'this' pointer
D:\Facultate\POO\OOP-exercises\Colocviu2018-seria 14\Colocviu2018-seria 14\Eveniment.h(28,4): error C2065: 'Vizitator': undeclared identifier
D:\Facultate\POO\OOP-exercises\Colocviu2018-seria 14\Colocviu2018-seria 14\Eveniment.h(28,14): error C2146: syntax error: missing ';' before identifier 'v'
D:\Facultate\POO\OOP-exercises\Colocviu2018-seria 14\Colocviu2018-seria 14\Eveniment.h(28,14): error C2065: 'v': undeclared identifier
D:\Facultate\POO\OOP-exercises\Colocviu2018-seria 14\Colocviu2018-seria 14\Eveniment.h(29,10): error C2065: 'v': undeclared identifier
D:\Facultate\POO\OOP-exercises\Colocviu2018-seria 14\Colocviu2018-seria 14\Eveniment.h(30,20): error C2065: 'v': undeclared identifier
D:\Facultate\POO\OOP-exercises\Colocviu2018-seria 14\Colocviu2018-seria 14\Lista.h(13,9): error C2065: 'Vizitator': undeclared identifier
D:\Facultate\POO\OOP-exercises\Colocviu2018-seria 14\Colocviu2018-seria 14\Lista.h(13,2): error C2923: 'std::vector': 'Vizitator' is not a valid template type argument for parameter '_Ty'
  Generating Code...
